<?xml version="1.0" encoding="utf-8"?><testsuites name="pytest tests"><testsuite name="pytest" errors="0" failures="0" skipped="0" tests="33" time="17.307" timestamp="2026-09-09T19:44:37.940270+00:00" hostname="agent-env-a16a135f-c9fe-4aae-bc3f-6e3d3a4f032a"><testcase classname="tests.test_backend" name="test_health" time="0.339" /><testcase classname="tests.test_backend" name="test_auth_no_token_401" time="0.191" /><testcase classname="tests.test_backend" name="test_auth_me_free" time="0.171" /><testcase classname="tests.test_backend" name="test_auth_me_pro" time="0.203" /><testcase classname="tests.test_backend" name="test_auth_invalid_token_401" time="0.242" /><testcase classname="tests.test_backend" name="test_limits_free" time="0.180" /><testcase classname="tests.test_backend" name="test_limits_pro" time="0.130" /><testcase classname="tests.test_backend" name="test_categories_free_locked" time="0.110" /><testcase classname="tests.test_backend" name="test_categories_pro_all_unlocked" time="0.145" /><testcase classname="tests.test_backend" name="test_category_questions_free_cat1_ok" time="0.217" /><testcase classname="tests.test_backend" name="test_category_questions_free_cat3_forbidden" time="0.144" /><testcase classname="tests.test_backend" name="test_category_questions_pro_cat3_ok" time="0.281" /><testcase classname="tests.test_backend" name="test_category_not_found" time="0.203" /><testcase classname="tests.test_backend" name="test_practice_answer_returns_correctness_pro" time="0.489" /><testcase classname="tests.test_backend" name="test_wrong_forbidden_free" time="0.157" /><testcase classname="tests.test_backend" name="test_wrong_ok_pro" time="0.153" /><testcase classname="tests.test_backend" name="test_bookmark_toggle" time="0.810" /><testcase classname="tests.test_backend" name="test_exam_start_no_answers_exposed_pro" time="0.157" /><testcase classname="tests.test_backend" name="test_exam_submit_and_attempts_pro" time="0.548" /><testcase classname="tests.test_backend" name="test_stats_pro" time="0.153" /><testcase classname="tests.test_backend" name="test_check_name_invalid" time="0.672" /><testcase classname="tests.test_backend" name="test_check_name_valid_but_taken" time="0.151" /><testcase classname="tests.test_backend" name="test_check_name_valid_own" time="0.152" /><testcase classname="tests.test_backend" name="test_set_name_duplicate_409" time="0.183" /><testcase classname="tests.test_backend" name="test_set_name_invalid_400" time="0.160" /><testcase classname="tests.test_backend" name="test_telegram_no_secret_403" time="0.171" /><testcase classname="tests.test_backend" name="test_telegram_wrong_secret_403" time="0.132" /><testcase classname="tests.test_backend" name="test_telegram_non_admin_refused" time="1.073" /><testcase classname="tests.test_backend" name="test_telegram_admin_check_pro_tester" time="1.032" /><testcase classname="tests.test_backend" name="test_telegram_admin_pro_and_unpro_free_tester" time="3.499" /><testcase classname="tests.test_backend" name="test_telegram_plain_name_activates_and_case_insensitive" time="3.374" /><testcase classname="tests.test_backend" name="test_telegram_check_nonexistent_returns_ok" time="1.013" /><testcase classname="tests.test_backend" name="test_zz_final_state_preserved" time="0.286" /></testsuite></testsuites>